<?xml version="1.0" encoding="UTF-8"?>
<testsuite name="SendBroadcastMessage"
           tests="4"
           failures="0"
           errors="0"
           skipped="0"
           time="98.401">
  <properties />
  
  
            <testcase name="createNewBroadcastMessage" time="24.766" classname="testCases.BroadcastMessage" />
                <testcase name="validateBroadcastMessage" time="21.499" classname="testCases.BroadcastMessage" />
                <testcase name="validateBroadcastMessage" time="26.020" classname="testCases.BroadcastMessage" />
                <testcase name="validateBroadcastMessage" time="26.116" classname="testCases.BroadcastMessage" />
      
</testsuite>
