<?xml version="1.0" encoding="UTF-8"?>
<!-- Generated by org.testng.reporters.JUnitXMLReporter -->
<testsuite hostname="TATRC-17323" ignored="0" name="Menu Test for Team Member" tests="4" failures="0" timestamp="07 Jun 2018 14:02:27 GMT" time="39.912" errors="0">
  <testcase name="login" time="11.947" classname="testCases.ExerciseAllMenusTeamMember"/>
  <testcase name="exerciseMyMenuTeamMember" time="15.547" classname="testCases.ExerciseAllMenusTeamMember"/>
  <testcase name="exerciseReportsTeamMember" time="5.996" classname="testCases.ExerciseAllMenusTeamMember"/>
  <testcase name="exerciseHelloUser" time="6.171" classname="testCases.ExerciseAllMenusTeamMember"/>
</testsuite> <!-- Menu Test for Team Member -->
