<?xml version="1.0" encoding="UTF-8"?>
<!-- Generated by org.testng.reporters.JUnitXMLReporter -->
<testsuite hostname="TATRC-17323" ignored="0" name="Menu Test for Team Lead" tests="4" failures="0" timestamp="07 Jun 2018 14:01:47 GMT" time="45.601" errors="0">
  <testcase name="login" time="11.569" classname="testCases.ExerciseAllMenusTeamLead"/>
  <testcase name="exerciseMyMenuTeamLead" time="17.11" classname="testCases.ExerciseAllMenusTeamLead"/>
  <testcase name="exerciseReportsTeamLead" time="10.505" classname="testCases.ExerciseAllMenusTeamLead"/>
  <testcase name="exerciseHelloUser" time="6.169" classname="testCases.ExerciseAllMenusTeamLead"/>
</testsuite> <!-- Menu Test for Team Lead -->
