<?xml version="1.0" encoding="UTF-8"?>
<!-- Generated by org.testng.reporters.JUnitXMLReporter -->
<testsuite hostname="TATRC-17323" ignored="0" name="Menu Test for Admin" tests="5" failures="0" timestamp="07 Jun 2018 14:01:01 GMT" time="94.52" errors="0">
  <testcase name="login" time="13.447" classname="testCases.ExerciseAllMenusAdmin"/>
  <testcase name="exerciseMyMenuAdmin" time="15.996" classname="testCases.ExerciseAllMenusAdmin"/>
  <testcase name="exerciseReportsAdmin" time="11.721" classname="testCases.ExerciseAllMenusAdmin"/>
  <testcase name="exerciseAdmin" time="46.992" classname="testCases.ExerciseAllMenusAdmin"/>
  <testcase name="exerciseHelloUser" time="6.093" classname="testCases.ExerciseAllMenusAdmin"/>
</testsuite> <!-- Menu Test for Admin -->
