<?xml version="1.0" encoding="UTF-8"?>
<!-- Generated by org.testng.reporters.JUnitXMLReporter -->
<testsuite hostname="TATRC-17323" ignored="0" name="Calorie Intake" tests="11" failures="0" timestamp="22 Oct 2019 21:54:44 GMT" time="2144.149" errors="0">
  <testcase name="addCalorieIntakeForWeek" time="157.912" classname="testCases.AddCalorieIntake"/>
  <testcase name="validateLast7NutritionalItems" time="14.082" classname="testCases.AddCalorieIntake"/>
  <testcase name="addCalorieIntakeForTeam" time="174.525" classname="testCases.AddCalorieIntakeForTeam"/>
  <testcase name="addCalorieIntakeForTeam" time="177.71" classname="testCases.AddCalorieIntakeForTeam"/>
  <testcase name="addCalorieIntakeForTeam" time="205.19" classname="testCases.AddCalorieIntakeForTeam"/>
  <testcase name="addCalorieIntakeForTeam" time="238.445" classname="testCases.AddCalorieIntakeForTeam"/>
  <testcase name="addCalorieIntakeForTeam" time="233.302" classname="testCases.AddCalorieIntakeForTeam"/>
  <testcase name="addCalorieIntakeForTeam" time="245.592" classname="testCases.AddCalorieIntakeForTeam"/>
  <testcase name="addCalorieIntakeForTeam" time="222.118" classname="testCases.AddCalorieIntakeForTeam"/>
  <testcase name="addCalorieIntakeForTeam" time="236.445" classname="testCases.AddCalorieIntakeForTeam"/>
  <testcase name="addCalorieIntakeForTeam" time="232.162" classname="testCases.AddCalorieIntakeForTeam"/>
</testsuite> <!-- Calorie Intake -->
