<?xml version="1.0" encoding="UTF-8"?>
<!-- Generated by org.testng.reporters.JUnitXMLReporter -->
<testsuite hostname="TATRC-17323" ignored="0" name="Device Registration" tests="3" failures="1" timestamp="22 Oct 2019 22:01:10 GMT" time="25.164" errors="0">
  <testcase name="login" time="16.609" classname="testCases.DeviceRegistration"/>
  <testcase name="performDeregistration" time="4.122" classname="testCases.DeviceRegistration"/>
  <testcase name="performRegistration" time="3.254" classname="testCases.DeviceRegistration">
    <failure type="org.openqa.selenium.InvalidElementStateException" message="The device has already been registered.
Build info: version: &amp;apos;3.11.0&amp;apos;, revision: &amp;apos;e59cfb3&amp;apos;, time: &amp;apos;2018-03-11T20:26:55.152Z&amp;apos;
System info: host: &amp;apos;TATRC-17323&amp;apos;, ip: &amp;apos;172.22.2.97&amp;apos;, os.name: &amp;apos;Windows 10&amp;apos;, os.arch: &amp;apos;amd64&amp;apos;, os.version: &amp;apos;10.0&amp;apos;, java.version: &amp;apos;1.8.0_144&amp;apos;
Driver info: driver.version: unknown">
      <![CDATA[org.openqa.selenium.InvalidElementStateException: The device has already been registered.
Build info: version: '3.11.0', revision: 'e59cfb3', time: '2018-03-11T20:26:55.152Z'
System info: host: 'TATRC-17323', ip: '172.22.2.97', os.name: 'Windows 10', os.arch: 'amd64', os.version: '10.0', java.version: '1.8.0_144'
Driver info: driver.version: unknown
	at modularScripts.DeviceRegistrationMod.fitbitRegistration(DeviceRegistrationMod.java:66)
	at testCases.DeviceRegistration.performRegistration(DeviceRegistration.java:184)
	at java.util.concurrent.ThreadPoolExecutor.runWorker(Unknown Source)
	at java.util.concurrent.ThreadPoolExecutor$Worker.run(Unknown Source)
	at java.lang.Thread.run(Unknown Source)
... Removed 10 stack frames]]>
    </failure>
  </testcase> <!-- performRegistration -->
</testsuite> <!-- Device Registration -->
