<?xml version="1.0" encoding="UTF-8"?>
<!-- Generated by org.testng.reporters.JUnitXMLReporter -->
<testsuite hostname="TATRC-17323" ignored="0" name="Menu Test for Team Member" tests="4" failures="1" timestamp="22 Oct 2019 21:19:00 GMT" time="43.042" errors="0">
  <testcase name="login" time="13.379" classname="testCases.ExerciseAllMenusTeamMember"/>
  <testcase name="exerciseMyMenuTeamMember" time="12.754" classname="testCases.ExerciseAllMenusTeamMember">
    <failure type="java.lang.AssertionError" message="Menu Item List Count:  expected [13] but found [14]">
      <![CDATA[java.lang.AssertionError: Menu Item List Count:  expected [13] but found [14]
	at testCases.ExerciseAllMenusTeamMember.exerciseMyMenuTeamMember(ExerciseAllMenusTeamMember.java:143)
	at java.util.concurrent.ThreadPoolExecutor.runWorker(Unknown Source)
	at java.util.concurrent.ThreadPoolExecutor$Worker.run(Unknown Source)
	at java.lang.Thread.run(Unknown Source)
... Removed 15 stack frames]]>
    </failure>
  </testcase> <!-- exerciseMyMenuTeamMember -->
  <testcase name="exerciseReportsTeamMember" time="5.805" classname="testCases.ExerciseAllMenusTeamMember"/>
  <testcase name="exerciseHelloUser" time="10.205" classname="testCases.ExerciseAllMenusTeamMember"/>
</testsuite> <!-- Menu Test for Team Member -->
