<?xml version="1.0" encoding="UTF-8"?>
<!-- Generated by org.testng.reporters.JUnitXMLReporter -->
<testsuite hostname="TATRC-17323" ignored="0" name="Menu Test for Admin" tests="5" failures="1" timestamp="22 Oct 2019 21:17:16 GMT" time="164.759" errors="0">
  <testcase name="login" time="25.337" classname="testCases.ExerciseAllMenusAdmin"/>
  <testcase name="exerciseMyMenuAdmin" time="20.913" classname="testCases.ExerciseAllMenusAdmin">
    <failure type="java.lang.AssertionError" message="Menu Item List Count:  expected [12] but found [13]">
      <![CDATA[java.lang.AssertionError: Menu Item List Count:  expected [12] but found [13]
	at testCases.ExerciseAllMenusAdmin.exerciseMyMenuAdmin(ExerciseAllMenusAdmin.java:141)
	at java.util.concurrent.ThreadPoolExecutor.runWorker(Unknown Source)
	at java.util.concurrent.ThreadPoolExecutor$Worker.run(Unknown Source)
	at java.lang.Thread.run(Unknown Source)
... Removed 15 stack frames]]>
    </failure>
  </testcase> <!-- exerciseMyMenuAdmin -->
  <testcase name="exerciseReportsAdmin" time="23.066" classname="testCases.ExerciseAllMenusAdmin"/>
  <testcase name="exerciseAdmin" time="83.96" classname="testCases.ExerciseAllMenusAdmin"/>
  <testcase name="exerciseHelloUser" time="10.813" classname="testCases.ExerciseAllMenusAdmin"/>
</testsuite> <!-- Menu Test for Admin -->
