<?xml version="1.0" encoding="UTF-8"?>
<!-- Generated by org.testng.reporters.JUnitXMLReporter -->
<testsuite hostname="TATRC-17323" ignored="0" name="Menu Test for Team Lead" tests="4" failures="1" timestamp="22 Oct 2019 21:18:17 GMT" time="61.051" errors="0">
  <testcase name="login" time="13.278" classname="testCases.ExerciseAllMenusTeamLead"/>
  <testcase name="exerciseMyMenuTeamLead" time="19.85" classname="testCases.ExerciseAllMenusTeamLead">
    <failure type="java.lang.AssertionError" message="Menu Item List Count:  expected [13] but found [14]">
      <![CDATA[java.lang.AssertionError: Menu Item List Count:  expected [13] but found [14]
	at testCases.ExerciseAllMenusTeamLead.exerciseMyMenuTeamLead(ExerciseAllMenusTeamLead.java:147)
	at java.util.concurrent.ThreadPoolExecutor.runWorker(Unknown Source)
	at java.util.concurrent.ThreadPoolExecutor$Worker.run(Unknown Source)
	at java.lang.Thread.run(Unknown Source)
... Removed 15 stack frames]]>
    </failure>
  </testcase> <!-- exerciseMyMenuTeamLead -->
  <testcase name="exerciseReportsTeamLead" time="15.492" classname="testCases.ExerciseAllMenusTeamLead"/>
  <testcase name="exerciseHelloUser" time="11.499" classname="testCases.ExerciseAllMenusTeamLead"/>
</testsuite> <!-- Menu Test for Team Lead -->
