<?xml version="1.0" encoding="UTF-8"?>
<!-- Generated by org.testng.reporters.JUnitXMLReporter -->
<testsuite hostname="TATRC-17323" ignored="0" name="Other Tests" tests="11" failures="0" timestamp="17 May 2018 11:02:36 GMT" time="193.311" errors="0">
  <testcase name="performPasswordChangeTests" time="54.214" classname="testCases.ChangePassword"/>
  <testcase name="loginUser" time="12.938" classname="testCases.TeamLogin"/>
  <testcase name="loginUser" time="12.257" classname="testCases.TeamLogin"/>
  <testcase name="loginUser" time="12.835" classname="testCases.TeamLogin"/>
  <testcase name="loginUser" time="12.962" classname="testCases.TeamLogin"/>
  <testcase name="loginUser" time="12.483" classname="testCases.TeamLogin"/>
  <testcase name="loginUser" time="12.446" classname="testCases.TeamLogin"/>
  <testcase name="loginUser" time="12.62" classname="testCases.TeamLogin"/>
  <testcase name="loginUser" time="13.861" classname="testCases.TeamLogin"/>
  <testcase name="loginUser" time="12.873" classname="testCases.TeamLogin"/>
  <testcase name="addNewActivitiesForWeek" time="21.422" classname="testCases.CreateNewActivity"/>
</testsuite> <!-- Other Tests -->
