<?xml version="1.0" encoding="UTF-8"?>
<!-- Generated by org.testng.reporters.JUnitXMLReporter -->
<testsuite hostname="TATRC-17323" ignored="0" name="ReadAllNotifications" tests="9" failures="0" timestamp="22 Oct 2019 22:04:25 GMT" time="195.349" errors="0">
  <testcase name="readNumberOfNotifications" time="22.478" classname="testCases.ReadAllNotifications"/>
  <testcase name="readNumberOfNotifications" time="21.994" classname="testCases.ReadAllNotifications"/>
  <testcase name="readNumberOfNotifications" time="17.849" classname="testCases.ReadAllNotifications"/>
  <testcase name="readNumberOfNotifications" time="19.079" classname="testCases.ReadAllNotifications"/>
  <testcase name="readNumberOfNotifications" time="21.939" classname="testCases.ReadAllNotifications"/>
  <testcase name="readNumberOfNotifications" time="20.334" classname="testCases.ReadAllNotifications"/>
  <testcase name="readNumberOfNotifications" time="25.28" classname="testCases.ReadAllNotifications"/>
  <testcase name="readNumberOfNotifications" time="17.208" classname="testCases.ReadAllNotifications"/>
  <testcase name="readNumberOfNotifications" time="19.362" classname="testCases.ReadAllNotifications"/>
</testsuite> <!-- ReadAllNotifications -->
