<?xml version="1.0" encoding="UTF-8"?>
<!-- Generated by org.testng.reporters.JUnitXMLReporter -->
<testsuite hostname="TATRC-17323" ignored="0" name="SendBroadcastMessage" tests="4" failures="0" timestamp="22 Oct 2019 22:06:08 GMT" time="102.701" errors="0">
  <testcase name="createNewBroadcastMessage" time="24.766" classname="testCases.BroadcastMessage"/>
  <testcase name="validateBroadcastMessage" time="26.116" classname="testCases.BroadcastMessage"/>
  <testcase name="validateBroadcastMessage" time="26.02" classname="testCases.BroadcastMessage"/>
  <testcase name="validateBroadcastMessage" time="21.499" classname="testCases.BroadcastMessage"/>
</testsuite> <!-- SendBroadcastMessage -->
