<?xml version="1.0" encoding="UTF-8"?>
<!-- Generated by org.testng.reporters.JUnitXMLReporter -->
<testsuite hostname="TATRC-17323" ignored="0" name="Sleep Entries" tests="9" failures="1" timestamp="22 Oct 2019 22:34:26 GMT" time="1511.065" errors="0">
  <testcase name="@AfterClass afterClass" time="0.069" classname="testCases.AddSleepEntry">
    <failure type="org.openqa.selenium.NoSuchSessionException" message="Tried to run command without establishing a connection
Build info: version: &amp;apos;3.11.0&amp;apos;, revision: &amp;apos;e59cfb3&amp;apos;, time: &amp;apos;2018-03-11T20:26:55.152Z&amp;apos;
System info: host: &amp;apos;TATRC-17323&amp;apos;, ip: &amp;apos;172.22.2.97&amp;apos;, os.name: &amp;apos;Windows 10&amp;apos;, os.arch: &amp;apos;amd64&amp;apos;, os.version: &amp;apos;10.0&amp;apos;, java.version: &amp;apos;1.8.0_144&amp;apos;
Driver info: org.openqa.selenium.firefox.FirefoxDriver
Capabilities {acceptInsecureCerts: true, browserName: firefox, browserVersion: 69.0.3, javascriptEnabled: true, moz:accessibilityChecks: false, moz:buildID: 20191009172106, moz:geckodriverVersion: 0.26.0, moz:headless: false, moz:processID: 10772, moz:profile: C:\Users\jesse.childress\Ap..., moz:shutdownTimeout: 60000, moz:useNonSpecCompliantPointerOrigin: false, moz:webdriverClick: true, pageLoadStrategy: normal, platform: WINDOWS, platformName: WINDOWS, platformVersion: 10.0, rotatable: false, setWindowRect: true, strictFileInteractability: false, timeouts: {implicit: 0, pageLoad: 300000, script: 30000}, unhandledPromptBehavior: dismiss and notify}
Session ID: 3f519efa-6359-4c5b-b581-7950d198b860">
      <![CDATA[org.openqa.selenium.NoSuchSessionException: Tried to run command without establishing a connection
Build info: version: '3.11.0', revision: 'e59cfb3', time: '2018-03-11T20:26:55.152Z'
System info: host: 'TATRC-17323', ip: '172.22.2.97', os.name: 'Windows 10', os.arch: 'amd64', os.version: '10.0', java.version: '1.8.0_144'
Driver info: org.openqa.selenium.firefox.FirefoxDriver
Capabilities {acceptInsecureCerts: true, browserName: firefox, browserVersion: 69.0.3, javascriptEnabled: true, moz:accessibilityChecks: false, moz:buildID: 20191009172106, moz:geckodriverVersion: 0.26.0, moz:headless: false, moz:processID: 10772, moz:profile: C:\Users\jesse.childress\Ap..., moz:shutdownTimeout: 60000, moz:useNonSpecCompliantPointerOrigin: false, moz:webdriverClick: true, pageLoadStrategy: normal, platform: WINDOWS, platformName: WINDOWS, platformVersion: 10.0, rotatable: false, setWindowRect: true, strictFileInteractability: false, timeouts: {implicit: 0, pageLoad: 300000, script: 30000}, unhandledPromptBehavior: dismiss and notify}
Session ID: 3f519efa-6359-4c5b-b581-7950d198b860
	at org.openqa.selenium.remote.http.W3CHttpResponseCodec.createException(W3CHttpResponseCodec.java:187)
	at org.openqa.selenium.remote.http.W3CHttpResponseCodec.decode(W3CHttpResponseCodec.java:122)
	at org.openqa.selenium.remote.http.W3CHttpResponseCodec.decode(W3CHttpResponseCodec.java:49)
	at org.openqa.selenium.remote.HttpCommandExecutor.execute(HttpCommandExecutor.java:158)
	at org.openqa.selenium.remote.service.DriverCommandExecutor.execute(DriverCommandExecutor.java:83)
	at org.openqa.selenium.remote.RemoteWebDriver.execute(RemoteWebDriver.java:545)
	at org.openqa.selenium.remote.RemoteWebDriver.execute(RemoteWebDriver.java:602)
	at org.openqa.selenium.remote.RemoteWebDriver.quit(RemoteWebDriver.java:445)
	at utilities.AutomationHelper.finishTest(AutomationHelper.java:542)
	at testCases.AddSleepEntry.afterClass(AddSleepEntry.java:26)
	at java.util.concurrent.ThreadPoolExecutor.runWorker(Unknown Source)
	at java.util.concurrent.ThreadPoolExecutor$Worker.run(Unknown Source)
	at java.lang.Thread.run(Unknown Source)
... Removed 14 stack frames]]>
    </failure>
  </testcase> <!-- @AfterClass afterClass -->
  <testcase name="addSleepEntry" time="168.575" classname="testCases.AddSleepEntry"/>
  <testcase name="addSleepEntry" time="177.443" classname="testCases.AddSleepEntry"/>
  <testcase name="addSleepEntry" time="160.275" classname="testCases.AddSleepEntry"/>
  <testcase name="addSleepEntry" time="162.681" classname="testCases.AddSleepEntry"/>
  <testcase name="addSleepEntry" time="161.675" classname="testCases.AddSleepEntry"/>
  <testcase name="addSleepEntry" time="168.969" classname="testCases.AddSleepEntry"/>
  <testcase name="addSleepEntry" time="153.561" classname="testCases.AddSleepEntry"/>
  <testcase name="addSleepEntry" time="162.013" classname="testCases.AddSleepEntry">
    <failure type="java.lang.AssertionError" message="Array Comparison for iteration number: 0 expected [true] but found [false]">
      <![CDATA[java.lang.AssertionError: Array Comparison for iteration number: 0 expected [true] but found [false]
	at testCases.AddSleepEntry.dashboardSleeplogComparison(AddSleepEntry.java:170)
	at testCases.AddSleepEntry.addSleepEntry(AddSleepEntry.java:65)
	at java.util.concurrent.ThreadPoolExecutor.runWorker(Unknown Source)
	at java.util.concurrent.ThreadPoolExecutor$Worker.run(Unknown Source)
	at java.lang.Thread.run(Unknown Source)
... Removed 13 stack frames]]>
    </failure>
  </testcase> <!-- addSleepEntry -->
  <testcase name="addSleepEntry" time="167.815" classname="testCases.AddSleepEntry"/>
</testsuite> <!-- Sleep Entries -->
